Determining if the pthread_create exist failed with the following output:
Change Dir: /home/ben/Desktop/2019/allolib/276ia/workspace/build/midi/Release/CMakeFiles/CMakeTmp

Run Build Command:"/usr/bin/make" "cmTC_4bc3e/fast"
/usr/bin/make -f CMakeFiles/cmTC_4bc3e.dir/build.make CMakeFiles/cmTC_4bc3e.dir/build
make[1]: Entering directory '/home/ben/Desktop/2019/allolib/276ia/workspace/build/midi/Release/CMakeFiles/CMakeTmp'
Building C object CMakeFiles/cmTC_4bc3e.dir/CheckSymbolExists.c.o
/usr/bin/cc    -o CMakeFiles/cmTC_4bc3e.dir/CheckSymbolExists.c.o   -c /home/ben/Desktop/2019/allolib/276ia/workspace/build/midi/Release/CMakeFiles/CMakeTmp/CheckSymbolExists.c
Linking C executable cmTC_4bc3e
/usr/bin/cmake -E cmake_link_script CMakeFiles/cmTC_4bc3e.dir/link.txt --verbose=1
/usr/bin/cc      -rdynamic CMakeFiles/cmTC_4bc3e.dir/CheckSymbolExists.c.o  -o cmTC_4bc3e 
CMakeFiles/cmTC_4bc3e.dir/CheckSymbolExists.c.o: In function `main':
CheckSymbolExists.c:(.text+0x1b): undefined reference to `pthread_create'
collect2: error: ld returned 1 exit status
CMakeFiles/cmTC_4bc3e.dir/build.make:97: recipe for target 'cmTC_4bc3e' failed
make[1]: *** [cmTC_4bc3e] Error 1
make[1]: Leaving directory '/home/ben/Desktop/2019/allolib/276ia/workspace/build/midi/Release/CMakeFiles/CMakeTmp'
Makefile:126: recipe for target 'cmTC_4bc3e/fast' failed
make: *** [cmTC_4bc3e/fast] Error 2

File /home/ben/Desktop/2019/allolib/276ia/workspace/build/midi/Release/CMakeFiles/CMakeTmp/CheckSymbolExists.c:
/* */
#include <pthread.h>

int main(int argc, char** argv)
{
  (void)argv;
#ifndef pthread_create
  return ((int*)(&pthread_create))[argc];
#else
  (void)argc;
  return 0;
#endif
}

Determining if the function pthread_create exists in the pthreads failed with the following output:
Change Dir: /home/ben/Desktop/2019/allolib/276ia/workspace/build/midi/Release/CMakeFiles/CMakeTmp

Run Build Command:"/usr/bin/make" "cmTC_70a1c/fast"
/usr/bin/make -f CMakeFiles/cmTC_70a1c.dir/build.make CMakeFiles/cmTC_70a1c.dir/build
make[1]: Entering directory '/home/ben/Desktop/2019/allolib/276ia/workspace/build/midi/Release/CMakeFiles/CMakeTmp'
Building C object CMakeFiles/cmTC_70a1c.dir/CheckFunctionExists.c.o
/usr/bin/cc   -DCHECK_FUNCTION_EXISTS=pthread_create   -o CMakeFiles/cmTC_70a1c.dir/CheckFunctionExists.c.o   -c /usr/share/cmake-3.10/Modules/CheckFunctionExists.c
Linking C executable cmTC_70a1c
/usr/bin/cmake -E cmake_link_script CMakeFiles/cmTC_70a1c.dir/link.txt --verbose=1
/usr/bin/cc  -DCHECK_FUNCTION_EXISTS=pthread_create    -rdynamic CMakeFiles/cmTC_70a1c.dir/CheckFunctionExists.c.o  -o cmTC_70a1c -lpthreads 
/usr/bin/ld: cannot find -lpthreads
collect2: error: ld returned 1 exit status
CMakeFiles/cmTC_70a1c.dir/build.make:97: recipe for target 'cmTC_70a1c' failed
make[1]: *** [cmTC_70a1c] Error 1
make[1]: Leaving directory '/home/ben/Desktop/2019/allolib/276ia/workspace/build/midi/Release/CMakeFiles/CMakeTmp'
Makefile:126: recipe for target 'cmTC_70a1c/fast' failed
make: *** [cmTC_70a1c/fast] Error 2


