Determining if the pthread_create exist failed with the following output:
Change Dir: /home/ben/Desktop/2019/allolib/276ia/workspace/build/synth4FM/Release/CMakeFiles/CMakeTmp

Run Build Command:"/usr/bin/make" "cmTC_02a38/fast"
/usr/bin/make -f CMakeFiles/cmTC_02a38.dir/build.make CMakeFiles/cmTC_02a38.dir/build
make[1]: Entering directory '/home/ben/Desktop/2019/allolib/276ia/workspace/build/synth4FM/Release/CMakeFiles/CMakeTmp'
Building C object CMakeFiles/cmTC_02a38.dir/CheckSymbolExists.c.o
/usr/bin/cc    -o CMakeFiles/cmTC_02a38.dir/CheckSymbolExists.c.o   -c /home/ben/Desktop/2019/allolib/276ia/workspace/build/synth4FM/Release/CMakeFiles/CMakeTmp/CheckSymbolExists.c
Linking C executable cmTC_02a38
/usr/bin/cmake -E cmake_link_script CMakeFiles/cmTC_02a38.dir/link.txt --verbose=1
/usr/bin/cc      -rdynamic CMakeFiles/cmTC_02a38.dir/CheckSymbolExists.c.o  -o cmTC_02a38 
CMakeFiles/cmTC_02a38.dir/CheckSymbolExists.c.o: In function `main':
CheckSymbolExists.c:(.text+0x1b): undefined reference to `pthread_create'
collect2: error: ld returned 1 exit status
CMakeFiles/cmTC_02a38.dir/build.make:97: recipe for target 'cmTC_02a38' failed
make[1]: *** [cmTC_02a38] Error 1
make[1]: Leaving directory '/home/ben/Desktop/2019/allolib/276ia/workspace/build/synth4FM/Release/CMakeFiles/CMakeTmp'
Makefile:126: recipe for target 'cmTC_02a38/fast' failed
make: *** [cmTC_02a38/fast] Error 2

File /home/ben/Desktop/2019/allolib/276ia/workspace/build/synth4FM/Release/CMakeFiles/CMakeTmp/CheckSymbolExists.c:
/* */
#include <pthread.h>

int main(int argc, char** argv)
{
  (void)argv;
#ifndef pthread_create
  return ((int*)(&pthread_create))[argc];
#else
  (void)argc;
  return 0;
#endif
}

Determining if the function pthread_create exists in the pthreads failed with the following output:
Change Dir: /home/ben/Desktop/2019/allolib/276ia/workspace/build/synth4FM/Release/CMakeFiles/CMakeTmp

Run Build Command:"/usr/bin/make" "cmTC_397a2/fast"
/usr/bin/make -f CMakeFiles/cmTC_397a2.dir/build.make CMakeFiles/cmTC_397a2.dir/build
make[1]: Entering directory '/home/ben/Desktop/2019/allolib/276ia/workspace/build/synth4FM/Release/CMakeFiles/CMakeTmp'
Building C object CMakeFiles/cmTC_397a2.dir/CheckFunctionExists.c.o
/usr/bin/cc   -DCHECK_FUNCTION_EXISTS=pthread_create   -o CMakeFiles/cmTC_397a2.dir/CheckFunctionExists.c.o   -c /usr/share/cmake-3.10/Modules/CheckFunctionExists.c
Linking C executable cmTC_397a2
/usr/bin/cmake -E cmake_link_script CMakeFiles/cmTC_397a2.dir/link.txt --verbose=1
/usr/bin/cc  -DCHECK_FUNCTION_EXISTS=pthread_create    -rdynamic CMakeFiles/cmTC_397a2.dir/CheckFunctionExists.c.o  -o cmTC_397a2 -lpthreads 
/usr/bin/ld: cannot find -lpthreads
collect2: error: ld returned 1 exit status
CMakeFiles/cmTC_397a2.dir/build.make:97: recipe for target 'cmTC_397a2' failed
make[1]: *** [cmTC_397a2] Error 1
make[1]: Leaving directory '/home/ben/Desktop/2019/allolib/276ia/workspace/build/synth4FM/Release/CMakeFiles/CMakeTmp'
Makefile:126: recipe for target 'cmTC_397a2/fast' failed
make: *** [cmTC_397a2/fast] Error 2


